<?xml version="1.0" encoding="UTF-8"?>
<!-- Generated by org.testng.reporters.JUnitReportReporter -->
<testsuite hostname="LAPTOP-ATUGSVMA" failures="0" tests="1" name="Runner.GoogleRunner" time="95.547" errors="0" timestamp="2023-03-21T13:20:58 IST" skipped="0">
  <testcase classname="Runner.GoogleRunner" name="runScenario" time="95.547"/>
  <system-out/>
</testsuite> <!-- Runner.GoogleRunner -->
