<?xml version="1.0" encoding="UTF-8"?>
<!-- Generated by org.testng.reporters.JUnitReportReporter -->
<testsuite hostname="LAPTOP-ATUGSVMA" failures="0" tests="1" name="Runner.Luma1Run" time="94.806" errors="0" timestamp="2023-03-20T21:10:35 IST" skipped="0">
  <testcase classname="Runner.Luma1Run" name="runScenario" time="94.806"/>
  <system-out/>
</testsuite> <!-- Runner.Luma1Run -->
