<?xml version="1.0" encoding="UTF-8"?>
<!-- Generated by org.testng.reporters.JUnitReportReporter -->
<testsuite hostname="LAPTOP-ATUGSVMA" failures="0" tests="1" name="Runner.PracticeRunner" time="92.438" errors="0" timestamp="2023-03-23T13:43:42 IST" skipped="0">
  <testcase classname="Runner.PracticeRunner" name="runScenario" time="92.438"/>
  <system-out/>
</testsuite> <!-- Runner.PracticeRunner -->
